
时间：2021-08-19 16:24:27  等级：ERROR 
类名：Err - 33 
调试：类名:FileRepository 方法名:SelectFileInfo 信息:Access denied for user 'user'@'10.0.1.39' (using password: YES) 

时间：2021-08-19 16:24:40  等级：ERROR 
类名：Err - 33 
调试：类名:FileRepository 方法名:SelectFileInfo 信息:Access denied for user 'user'@'10.0.1.5' (using password: YES) 

时间：2021-08-19 16:24:46  等级：ERROR 
类名：Err - 33 
调试：类名:FileRepository 方法名:SelectFileInfo 信息:Access denied for user 'user'@'10.0.1.39' (using password: YES) 

时间：2021-08-19 16:24:47  等级：ERROR 
类名：Err - 33 
调试：类名:FileRepository 方法名:SelectFileInfo 信息:Access denied for user 'user'@'10.0.1.5' (using password: YES) 

时间：2021-08-19 16:24:48  等级：ERROR 
类名：Err - 33 
调试：类名:FileRepository 方法名:SelectFileInfo 信息:Access denied for user 'user'@'10.0.1.39' (using password: YES) 

时间：2021-08-19 16:24:49  等级：ERROR 
类名：Err - 33 
调试：类名:FileRepository 方法名:SelectFileInfo 信息:Access denied for user 'user'@'10.0.1.5' (using password: YES) 

时间：2021-08-19 16:54:31  等级：ERROR 
类名：Err - 33 
调试：类名:FileRepository 方法名:SelectFileInfo 信息:Access denied for user 'user'@'10.0.1.39' (using password: YES) 

时间：2021-08-19 16:54:39  等级：ERROR 
类名：Err - 33 
调试：类名:FileRepository 方法名:SelectFileInfo 信息:Access denied for user 'user'@'10.0.1.5' (using password: YES) 

时间：2021-08-19 16:54:50  等级：ERROR 
类名：Err - 33 
调试：类名:FileRepository 方法名:SelectFileInfo 信息:Access denied for user 'user'@'10.0.1.39' (using password: YES) 

时间：2021-08-19 17:07:15  等级：ERROR 
类名：Err - 33 
调试：类名:FileRepository 方法名:SelectFileInfo 信息:Access denied for user 'user'@'10.0.1.5' (using password: YES) 

时间：2021-08-19 17:08:10  等级：ERROR 
类名：Err - 33 
调试：类名:FileRepository 方法名:SelectFileInfo 信息:Access denied for user 'user'@'10.0.1.39' (using password: YES) 

时间：2021-08-19 17:08:23  等级：ERROR 
类名：Err - 33 
调试：类名:FileRepository 方法名:SelectFileInfo 信息:Access denied for user 'user'@'10.0.1.5' (using password: YES) 

时间：2021-08-19 17:08:32  等级：ERROR 
类名：Err - 33 
调试：类名:FileRepository 方法名:SelectFileInfo 信息:Access denied for user 'user'@'10.0.1.39' (using password: YES) 

时间：2021-08-19 17:08:35  等级：ERROR 
类名：Err - 33 
调试：类名:FileRepository 方法名:SelectFileInfo 信息:Access denied for user 'user'@'10.0.1.5' (using password: YES) 

时间：2021-08-19 17:08:37  等级：ERROR 
类名：Err - 33 
调试：类名:FileRepository 方法名:SelectFileInfo 信息:Access denied for user 'user'@'10.0.1.39' (using password: YES) 

时间：2021-08-19 17:13:06  等级：ERROR 
类名：Err - 33 
调试：类名:FileRepository 方法名:SelectFileInfo 信息:Access denied for user 'user'@'10.0.1.5' (using password: YES) 

时间：2021-08-19 17:13:07  等级：ERROR 
类名：Err - 33 
调试：类名:FileRepository 方法名:SelectFileInfo 信息:Access denied for user 'user'@'10.0.1.39' (using password: YES) 

时间：2021-08-19 17:13:16  等级：ERROR 
类名：Err - 33 
调试：类名:FileRepository 方法名:SelectFileInfo 信息:Access denied for user 'user'@'10.0.1.5' (using password: YES) 

时间：2021-08-19 17:13:16  等级：ERROR 
类名：Err - 33 
调试：类名:FileRepository 方法名:SelectFileInfo 信息:Access denied for user 'user'@'10.0.1.39' (using password: YES) 

时间：2021-08-19 17:13:17  等级：ERROR 
类名：Err - 33 
调试：类名:FileRepository 方法名:SelectFileInfo 信息:Access denied for user 'user'@'10.0.1.5' (using password: YES) 

时间：2021-08-19 17:13:18  等级：ERROR 
类名：Err - 33 
调试：类名:FileRepository 方法名:SelectFileInfo 信息:Access denied for user 'user'@'10.0.1.39' (using password: YES) 

时间：2021-08-19 17:16:23  等级：ERROR 
类名：Err - 33 
调试：类名:FileRepository 方法名:SelectFileInfo 信息:Access denied for user 'user'@'10.0.1.5' (using password: YES) 

时间：2021-08-19 17:16:42  等级：ERROR 
类名：Err - 33 
调试：类名:FileRepository 方法名:SelectFileInfo 信息:Access denied for user 'user'@'10.0.1.39' (using password: YES) 

时间：2021-08-19 17:16:44  等级：ERROR 
类名：Err - 33 
调试：类名:FileRepository 方法名:SelectFileInfo 信息:Access denied for user 'user'@'10.0.1.5' (using password: YES) 

时间：2021-08-19 17:19:27  等级：ERROR 
类名：Err - 33 
调试：类名:FileRepository 方法名:SelectFileInfo 信息:Access denied for user 'user'@'10.0.1.39' (using password: YES) 

时间：2021-08-19 17:19:32  等级：ERROR 
类名：Err - 33 
调试：类名:FileRepository 方法名:SelectFileInfo 信息:Access denied for user 'user'@'10.0.1.5' (using password: YES) 

时间：2021-08-19 17:19:32  等级：ERROR 
类名：Err - 33 
调试：类名:FileRepository 方法名:SelectFileInfo 信息:Access denied for user 'user'@'10.0.1.39' (using password: YES) 

时间：2021-08-19 17:19:36  等级：ERROR 
类名：Err - 33 
调试：类名:FileRepository 方法名:SelectFileInfo 信息:Access denied for user 'user'@'10.0.1.5' (using password: YES) 

时间：2021-08-19 17:19:36  等级：ERROR 
类名：Err - 33 
调试：类名:FileRepository 方法名:SelectFileInfo 信息:Access denied for user 'user'@'10.0.1.39' (using password: YES) 

时间：2021-08-19 17:19:36  等级：ERROR 
类名：Err - 33 
调试：类名:FileRepository 方法名:SelectFileInfo 信息:Access denied for user 'user'@'10.0.1.5' (using password: YES) 

时间：2021-08-19 17:27:01  等级：ERROR 
类名：Err - 33 
调试：类名:FileRepository 方法名:SelectFileInfo 信息:Access denied for user 'user'@'10.0.1.39' (using password: YES) 

时间：2021-08-19 17:27:01  等级：ERROR 
类名：Err - 33 
调试：类名:FileRepository 方法名:SelectFileInfo 信息:Access denied for user 'user'@'10.0.1.5' (using password: YES) 

时间：2021-08-19 17:27:01  等级：ERROR 
类名：Err - 33 
调试：类名:FileRepository 方法名:SelectFileInfo 信息:Access denied for user 'user'@'10.0.1.39' (using password: YES) 

时间：2021-08-19 17:27:01  等级：ERROR 
类名：Err - 33 
调试：类名:FileRepository 方法名:SelectFileInfo 信息:Access denied for user 'user'@'10.0.1.5' (using password: YES) 

时间：2021-08-19 17:27:01  等级：ERROR 
类名：Err - 33 
调试：类名:FileRepository 方法名:SelectFileInfo 信息:Access denied for user 'user'@'10.0.1.39' (using password: YES) 

时间：2021-08-19 17:27:01  等级：ERROR 
类名：Err - 33 
调试：类名:FileRepository 方法名:SelectFileInfo 信息:Access denied for user 'user'@'10.0.1.5' (using password: YES) 

时间：2021-08-19 17:27:22  等级：ERROR 
类名：Err - 33 
调试：类名:FileRepository 方法名:SelectFileInfo 信息:Access denied for user 'user'@'10.0.1.39' (using password: YES) 

时间：2021-08-19 17:27:22  等级：ERROR 
类名：Err - 33 
调试：类名:FileRepository 方法名:SelectFileInfo 信息:Access denied for user 'user'@'10.0.1.5' (using password: YES) 

时间：2021-08-19 17:27:24  等级：ERROR 
类名：Err - 33 
调试：类名:FileRepository 方法名:SelectFileInfo 信息:Access denied for user 'user'@'10.0.1.39' (using password: YES) 

时间：2021-08-19 17:27:24  等级：ERROR 
类名：Err - 33 
调试：类名:FileRepository 方法名:SelectFileInfo 信息:Access denied for user 'user'@'10.0.1.5' (using password: YES) 

时间：2021-08-19 17:27:28  等级：ERROR 
类名：Err - 33 
调试：类名:FileRepository 方法名:SelectFileInfo 信息:Access denied for user 'user'@'10.0.1.39' (using password: YES) 

时间：2021-08-19 17:27:28  等级：ERROR 
类名：Err - 33 
调试：类名:FileRepository 方法名:SelectFileInfo 信息:Access denied for user 'user'@'10.0.1.5' (using password: YES) 

时间：2021-08-19 17:33:12  等级：ERROR 
类名：Err - 33 
调试：类名:FileRepository 方法名:SelectFileInfo 信息:Access denied for user 'user'@'10.0.1.3' (using password: YES) 

时间：2021-08-19 17:33:12  等级：ERROR 
类名：Err - 33 
调试：类名:FileRepository 方法名:SelectFileInfo 信息:Access denied for user 'user'@'10.0.1.3' (using password: YES) 

时间：2021-08-19 17:33:12  等级：ERROR 
类名：Err - 33 
调试：类名:FileRepository 方法名:SelectFileInfo 信息:Access denied for user 'user'@'10.0.1.3' (using password: YES) 

时间：2021-08-19 17:33:12  等级：ERROR 
类名：Err - 33 
调试：类名:FileRepository 方法名:SelectFileInfo 信息:Access denied for user 'user'@'10.0.1.3' (using password: YES) 

时间：2021-08-19 17:33:12  等级：ERROR 
类名：Err - 33 
调试：类名:FileRepository 方法名:SelectFileInfo 信息:Access denied for user 'user'@'10.0.1.3' (using password: YES) 

时间：2021-08-19 17:33:12  等级：ERROR 
类名：Err - 33 
调试：类名:FileRepository 方法名:SelectFileInfo 信息:Access denied for user 'user'@'10.0.1.3' (using password: YES) 

时间：2021-08-19 17:33:12  等级：ERROR 
类名：Err - 33 
调试：类名:<UploadFileCreateAsync>d__8 方法名:MoveNext 信息:错误码4错误消息OK 

时间：2021-08-19 17:33:12  等级：ERROR 
类名：Err - 33 
调试：类名:<UploadFileCreateAsync>d__8 方法名:MoveNext 信息:错误码4错误消息OK 

时间：2021-08-19 17:33:12  等级：ERROR 
类名：Err - 33 
调试：类名:<UploadFileCreateAsync>d__8 方法名:MoveNext 信息:错误码4错误消息OK 

时间：2021-08-19 17:33:12  等级：ERROR 
类名：Err - 33 
调试：类名:<UploadFileCreateAsync>d__8 方法名:MoveNext 信息:错误码4错误消息OK 

时间：2021-08-19 17:33:12  等级：ERROR 
类名：Err - 33 
调试：类名:<UploadFileCreateAsync>d__8 方法名:MoveNext 信息:错误码4错误消息OK 

时间：2021-08-19 17:33:12  等级：ERROR 
类名：Err - 33 
调试：类名:<UploadFileCreateAsync>d__8 方法名:MoveNext 信息:错误码4错误消息OK 

时间：2021-08-19 17:34:14  等级：ERROR 
类名：Err - 33 
调试：类名:FileRepository 方法名:SelectFileInfo 信息:Access denied for user 'user'@'10.0.1.3' (using password: YES) 

时间：2021-08-19 17:34:14  等级：ERROR 
类名：Err - 33 
调试：类名:FileRepository 方法名:SelectFileInfo 信息:Access denied for user 'user'@'10.0.1.3' (using password: YES) 

时间：2021-08-19 17:34:14  等级：ERROR 
类名：Err - 33 
调试：类名:FileRepository 方法名:SelectFileInfo 信息:Access denied for user 'user'@'10.0.1.3' (using password: YES) 

时间：2021-08-19 17:34:14  等级：ERROR 
类名：Err - 33 
调试：类名:FileRepository 方法名:SelectFileInfo 信息:Access denied for user 'user'@'10.0.1.3' (using password: YES) 

时间：2021-08-19 17:34:14  等级：ERROR 
类名：Err - 33 
调试：类名:FileRepository 方法名:SelectFileInfo 信息:Access denied for user 'user'@'10.0.1.3' (using password: YES) 

时间：2021-08-19 17:34:14  等级：ERROR 
类名：Err - 33 
调试：类名:FileRepository 方法名:SelectFileInfo 信息:Access denied for user 'user'@'10.0.1.3' (using password: YES) 

时间：2021-08-19 17:34:25  等级：ERROR 
类名：Err - 33 
调试：类名:<UploadFileCreateAsync>d__8 方法名:MoveNext 信息:错误码4错误消息OK 

时间：2021-08-19 17:34:28  等级：ERROR 
类名：Err - 33 
调试：类名:<UploadFileCreateAsync>d__8 方法名:MoveNext 信息:错误码4错误消息OK 

时间：2021-08-19 17:34:28  等级：ERROR 
类名：Err - 33 
调试：类名:<UploadFileCreateAsync>d__8 方法名:MoveNext 信息:错误码4错误消息OK 

时间：2021-08-19 17:34:28  等级：ERROR 
类名：Err - 33 
调试：类名:<UploadFileCreateAsync>d__8 方法名:MoveNext 信息:错误码4错误消息OK 

时间：2021-08-19 17:34:28  等级：ERROR 
类名：Err - 33 
调试：类名:<UploadFileCreateAsync>d__8 方法名:MoveNext 信息:错误码4错误消息OK 

时间：2021-08-19 17:34:28  等级：ERROR 
类名：Err - 33 
调试：类名:<UploadFileCreateAsync>d__8 方法名:MoveNext 信息:错误码4错误消息OK 

时间：2021-08-19 17:37:02  等级：ERROR 
类名：Err - 33 
调试：类名:FileRepository 方法名:SelectFileInfo 信息:Access denied for user 'user'@'10.0.1.3' (using password: YES) 

时间：2021-08-19 17:37:02  等级：ERROR 
类名：Err - 33 
调试：类名:FileRepository 方法名:SelectFileInfo 信息:Access denied for user 'user'@'10.0.1.3' (using password: YES) 

时间：2021-08-19 17:37:02  等级：ERROR 
类名：Err - 33 
调试：类名:FileRepository 方法名:SelectFileInfo 信息:Access denied for user 'user'@'10.0.1.3' (using password: YES) 

时间：2021-08-19 17:37:02  等级：ERROR 
类名：Err - 33 
调试：类名:FileRepository 方法名:SelectFileInfo 信息:Access denied for user 'user'@'10.0.1.3' (using password: YES) 

时间：2021-08-19 17:37:02  等级：ERROR 
类名：Err - 33 
调试：类名:FileRepository 方法名:SelectFileInfo 信息:Access denied for user 'user'@'10.0.1.3' (using password: YES) 

时间：2021-08-19 17:37:02  等级：ERROR 
类名：Err - 33 
调试：类名:FileRepository 方法名:SelectFileInfo 信息:Access denied for user 'user'@'10.0.1.3' (using password: YES) 

时间：2021-08-19 17:37:02  等级：INFO  
类名：AMTransferTool.TarnsferTool - 539 
调试：错误码4错误消息OK 

时间：2021-08-19 17:37:02  等级：INFO  
类名：AMTransferTool.TarnsferTool - 539 
调试：错误码4错误消息OK 

时间：2021-08-19 17:37:02  等级：INFO  
类名：AMTransferTool.TarnsferTool - 539 
调试：错误码4错误消息OK 

时间：2021-08-19 17:37:02  等级：INFO  
类名：AMTransferTool.TarnsferTool - 539 
调试：错误码4错误消息OK 

时间：2021-08-19 17:37:02  等级：INFO  
类名：AMTransferTool.TarnsferTool - 539 
调试：错误码4错误消息OK 

时间：2021-08-19 17:37:02  等级：INFO  
类名：AMTransferTool.TarnsferTool - 539 
调试：错误码4错误消息OK 

时间：2021-08-19 17:39:46  等级：ERROR 
类名：Err - 33 
调试：类名:FileRepository 方法名:SelectFileInfo 信息:Access denied for user 'user'@'10.0.1.3' (using password: YES) 

时间：2021-08-19 17:39:46  等级：ERROR 
类名：Err - 33 
调试：类名:FileRepository 方法名:SelectFileInfo 信息:Access denied for user 'user'@'10.0.1.3' (using password: YES) 

时间：2021-08-19 17:39:46  等级：ERROR 
类名：Err - 33 
调试：类名:FileRepository 方法名:SelectFileInfo 信息:Access denied for user 'user'@'10.0.1.3' (using password: YES) 

时间：2021-08-19 17:39:46  等级：ERROR 
类名：Err - 33 
调试：类名:FileRepository 方法名:SelectFileInfo 信息:Access denied for user 'user'@'10.0.1.3' (using password: YES) 

时间：2021-08-19 17:39:46  等级：ERROR 
类名：Err - 33 
调试：类名:FileRepository 方法名:SelectFileInfo 信息:Access denied for user 'user'@'10.0.1.3' (using password: YES) 

时间：2021-08-19 17:39:46  等级：ERROR 
类名：Err - 33 
调试：类名:FileRepository 方法名:SelectFileInfo 信息:Access denied for user 'user'@'10.0.1.3' (using password: YES) 

时间：2021-08-19 17:39:46  等级：INFO  
类名：AMTransferTool.TarnsferTool - 539 
调试：错误码4错误消息OK 

时间：2021-08-19 17:39:46  等级：INFO  
类名：AMTransferTool.TarnsferTool - 539 
调试：错误码4错误消息OK 

时间：2021-08-19 17:39:46  等级：INFO  
类名：AMTransferTool.TarnsferTool - 539 
调试：错误码4错误消息OK 

时间：2021-08-19 17:39:46  等级：INFO  
类名：AMTransferTool.TarnsferTool - 539 
调试：错误码4错误消息OK 

时间：2021-08-19 17:39:46  等级：INFO  
类名：AMTransferTool.TarnsferTool - 539 
调试：错误码4错误消息OK 

时间：2021-08-19 17:39:46  等级：INFO  
类名：AMTransferTool.TarnsferTool - 539 
调试：错误码4错误消息OK 

时间：2021-08-19 17:40:08  等级：ERROR 
类名：Err - 33 
调试：类名:FileRepository 方法名:SelectFileInfo 信息:Access denied for user 'user'@'10.0.1.3' (using password: YES) 

时间：2021-08-19 17:40:08  等级：ERROR 
类名：Err - 33 
调试：类名:FileRepository 方法名:SelectFileInfo 信息:Access denied for user 'user'@'10.0.1.3' (using password: YES) 

时间：2021-08-19 17:40:08  等级：ERROR 
类名：Err - 33 
调试：类名:FileRepository 方法名:SelectFileInfo 信息:Access denied for user 'user'@'10.0.1.3' (using password: YES) 

时间：2021-08-19 17:40:08  等级：ERROR 
类名：Err - 33 
调试：类名:FileRepository 方法名:SelectFileInfo 信息:Access denied for user 'user'@'10.0.1.3' (using password: YES) 

时间：2021-08-19 17:40:08  等级：ERROR 
类名：Err - 33 
调试：类名:FileRepository 方法名:SelectFileInfo 信息:Access denied for user 'user'@'10.0.1.3' (using password: YES) 

时间：2021-08-19 17:40:08  等级：ERROR 
类名：Err - 33 
调试：类名:FileRepository 方法名:SelectFileInfo 信息:Access denied for user 'user'@'10.0.1.3' (using password: YES) 

时间：2021-08-19 17:40:15  等级：INFO  
类名：AMTransferTool.TarnsferTool - 539 
调试：错误码4错误消息OK 

时间：2021-08-19 17:40:19  等级：INFO  
类名：AMTransferTool.TarnsferTool - 539 
调试：错误码4错误消息OK 

时间：2021-08-19 17:46:28  等级：ERROR 
类名：Err - 33 
调试：类名:FileRepository 方法名:SelectFileInfo 信息:Access denied for user 'user'@'10.0.1.3' (using password: YES) 

时间：2021-08-19 17:46:40  等级：ERROR 
类名：Err - 33 
调试：类名:FileRepository 方法名:SelectFileInfo 信息:Access denied for user 'user'@'10.0.1.3' (using password: YES) 

时间：2021-08-19 17:46:43  等级：ERROR 
类名：Err - 33 
调试：类名:FileRepository 方法名:SelectFileInfo 信息:Access denied for user 'user'@'10.0.1.3' (using password: YES) 

时间：2021-08-19 17:46:58  等级：ERROR 
类名：Err - 33 
调试：类名:FileRepository 方法名:SelectFileInfo 信息:Access denied for user 'user'@'10.0.1.3' (using password: YES) 

时间：2021-08-19 17:47:00  等级：ERROR 
类名：Err - 33 
调试：类名:FileRepository 方法名:SelectFileInfo 信息:Access denied for user 'user'@'10.0.1.3' (using password: YES) 

时间：2021-08-19 17:47:01  等级：ERROR 
类名：Err - 33 
调试：类名:FileRepository 方法名:SelectFileInfo 信息:Access denied for user 'user'@'10.0.1.3' (using password: YES) 

时间：2021-08-19 17:47:05  等级：INFO  
类名：AMTransferTool.TarnsferTool - 540 
调试：错误码601错误消息 

时间：2021-08-19 17:47:06  等级：INFO  
类名：AMTransferTool.TarnsferTool - 540 
调试：错误码601错误消息 

时间：2021-08-19 17:48:14  等级：ERROR 
类名：Err - 33 
调试：类名:FileRepository 方法名:SelectFileInfo 信息:Access denied for user 'user'@'10.0.1.3' (using password: YES) 

时间：2021-08-19 17:50:03  等级：ERROR 
类名：Err - 33 
调试：类名:FileRepository 方法名:SelectFileInfo 信息:Access denied for user 'user'@'10.0.1.3' (using password: YES) 

时间：2021-08-19 17:52:32  等级：ERROR 
类名：Err - 33 
调试：类名:FileRepository 方法名:SelectFileInfo 信息:Access denied for user 'user'@'10.0.1.3' (using password: YES) 

时间：2021-08-19 17:52:35  等级：INFO  
类名：AMTransferTool.TarnsferTool - 544 
调试：错误码7错误消息OK 

时间：2021-08-19 17:52:53  等级：ERROR 
类名：Err - 33 
调试：类名:FileRepository 方法名:SelectFileInfo 信息:Access denied for user 'user'@'10.0.1.3' (using password: YES) 

时间：2021-08-19 17:54:24  等级：INFO  
类名：AMTransferTool.TarnsferTool - 544 
调试：错误码7错误消息OK 

时间：2021-08-19 17:57:14  等级：ERROR 
类名：Err - 33 
调试：类名:FileRepository 方法名:SelectFileInfo 信息:Access denied for user 'user'@'10.0.1.3' (using password: YES) 

时间：2021-08-19 17:57:22  等级：INFO  
类名：AMTransferTool.TarnsferTool - 544 
调试：错误码7错误消息OK 

时间：2021-08-19 17:57:36  等级：ERROR 
类名：Err - 33 
调试：类名:FileRepository 方法名:SelectFileInfo 信息:Access denied for user 'user'@'10.0.1.3' (using password: YES) 

时间：2021-08-19 17:57:36  等级：INFO  
类名：AMTransferTool.TarnsferTool - 544 
调试：错误码7错误消息OK 

时间：2021-08-19 17:58:20  等级：ERROR 
类名：Err - 33 
调试：类名:FileRepository 方法名:SelectFileInfo 信息:Access denied for user 'user'@'10.0.1.3' (using password: YES) 

时间：2021-08-19 17:58:52  等级：ERROR 
类名：Err - 33 
调试：类名:FileRepository 方法名:SelectFileInfo 信息:Access denied for user 'user'@'10.0.1.3' (using password: YES) 

时间：2021-08-19 17:59:29  等级：ERROR 
类名：Err - 33 
调试：类名:FileRepository 方法名:SelectFileInfo 信息:Access denied for user 'user'@'10.0.1.3' (using password: YES) 

时间：2021-08-19 18:00:31  等级：ERROR 
类名：Err - 33 
调试：类名:FileRepository 方法名:SelectFileInfo 信息:Access denied for user 'user'@'10.0.1.3' (using password: YES) 

时间：2021-08-19 19:31:00  等级：ERROR 
类名：Err - 33 
调试：类名:FileRepository 方法名:SelectFileInfo 信息:Access denied for user 'user'@'10.0.1.3' (using password: YES) 

时间：2021-08-19 19:35:19  等级：ERROR 
类名：Err - 33 
调试：类名:FileRepository 方法名:SelectFileInfo 信息:Access denied for user 'user'@'10.0.1.3' (using password: YES) 

时间：2021-08-19 19:48:59  等级：ERROR 
类名：Err - 33 
调试：类名:FileRepository 方法名:SelectFileInfo 信息:Access denied for user 'user'@'10.0.1.3' (using password: YES) 

时间：2021-08-19 19:51:25  等级：ERROR 
类名：Err - 33 
调试：类名:FileRepository 方法名:SelectFileInfo 信息:Access denied for user 'user'@'10.0.1.3' (using password: YES) 

时间：2021-08-19 19:54:13  等级：ERROR 
类名：Err - 33 
调试：类名:FileRepository 方法名:SelectFileInfo 信息:Access denied for user 'user'@'10.0.1.3' (using password: YES) 

时间：2021-08-19 19:54:18  等级：ERROR 
类名：Err - 33 
调试：类名:FileRepository 方法名:SelectFileInfo 信息:Access denied for user 'user'@'10.0.1.3' (using password: YES) 

时间：2021-08-19 20:03:16  等级：ERROR 
类名：AMTransferTool.TarnsferTool - 471 
调试：未在数据库中查到该文件1测试1.txt 
